
2021-05-11 12:31:17 :: The address 185.229.250.148 is not in the database.
2021-05-11 12:31:17 :: The address 185.229.250.148 is not in the database.
2021-05-11 12:31:20 :: The address 185.229.250.148 is not in the database.
2021-09-07 05:55:28: Duplicate entry '2021-09-08' for key 'unique_date'
2022-01-17 05:30:15: Duplicate entry '2022-01-18' for key 'unique_date'
2022-02-18 07:17:10: Duplicate entry '2022-02-19' for key 'unique_date'
2022-02-24 07:37:21: The address 2a02:26f7:f8d0:4000:8496:815b:5238:ba72 is not in the database.
2022-02-24 07:37:21: The address 2a02:26f7:f8d0:4000:8496:815b:5238:ba72 is not in the database.
2022-02-24 07:37:21: The address 2a02:26f7:f8d0:4000:8496:815b:5238:ba72 is not in the database.
2022-02-27 12:03:44: The address 2606:54c0:64c0:18::80:ba is not in the database.
2022-02-27 12:03:44: The address 2606:54c0:64c0:18::80:ba is not in the database.
2022-03-05 02:57:12: The address 2606:54c0:64a0:18::80:db is not in the database.
2022-03-05 02:57:12: The address 2606:54c0:64a0:18::80:db is not in the database.
2022-03-06 03:02:25: The address 2606:54c0:6480:18::41:45 is not in the database.
2022-03-06 03:02:25: The address 2606:54c0:6480:18::41:45 is not in the database.
2022-03-20 09:26:30: The address 2606:54c0:6480:18::41:28 is not in the database.
2022-03-20 09:26:30: The address 2606:54c0:6480:18::41:28 is not in the database.
2022-03-20 09:26:45: The address 2606:54c0:6480:18::41:28 is not in the database.
2022-03-20 10:01:35: The address 2606:54c0:6480:8::41:54 is not in the database.
2022-03-20 10:01:35: The address 2606:54c0:6480:8::41:54 is not in the database.
2022-04-13 11:42:05: The address 2606:54c0:64c0:18::41:4d is not in the database.
2022-04-13 11:42:05: The address 2606:54c0:64c0:18::41:4d is not in the database.
2022-05-23 06:33:44: The address 2a02:26f7:f8d8:4000:6f87:75d:4768:a5c5 is not in the database.
2022-05-23 06:33:44: The address 2a02:26f7:f8d8:4000:6f87:75d:4768:a5c5 is not in the database.